<?xml version="1.0" encoding="UTF-8"?>
<testsuite name="PasswordUtilsTest" tests="5" skipped="0" failures="0" errors="0" timestamp="2026-04-26T01:52:20.732Z" hostname="GUI1K" time="2.053">
  <properties/>
  <testcase name="verifyPassword retorna false para senha incorreta()" classname="PasswordUtilsTest" time="0.344"/>
  <testcase name="verifyPassword retorna true para senha correta()" classname="PasswordUtilsTest" time="0.355"/>
  <testcase name="hashPassword gera hash diferente do texto original()" classname="PasswordUtilsTest" time="0.17"/>
  <testcase name="hashPassword com senha vazia funciona()" classname="PasswordUtilsTest" time="0.507"/>
  <testcase name="dois hashes da mesma senha sao diferentes (salt unico)()" classname="PasswordUtilsTest" time="0.676"/>
  <system-out><![CDATA[]]></system-out>
  <system-err><![CDATA[]]></system-err>
</testsuite>
