<?xml version="1.0" encoding="UTF-8"?>
<testsuite name="PasswordUtilsTest" tests="5" skipped="0" failures="0" errors="0" timestamp="2026-04-17T00:41:38.102Z" hostname="GUI1K" time="2.441">
  <properties/>
  <testcase name="verifyPassword retorna false para senha incorreta()" classname="PasswordUtilsTest" time="0.406"/>
  <testcase name="verifyPassword retorna true para senha correta()" classname="PasswordUtilsTest" time="0.407"/>
  <testcase name="hashPassword gera hash diferente do texto original()" classname="PasswordUtilsTest" time="0.204"/>
  <testcase name="hashPassword com senha vazia funciona()" classname="PasswordUtilsTest" time="0.608"/>
  <testcase name="dois hashes da mesma senha sao diferentes (salt unico)()" classname="PasswordUtilsTest" time="0.813"/>
  <system-out><![CDATA[]]></system-out>
  <system-err><![CDATA[]]></system-err>
</testsuite>
