<?xml version="1.0" encoding="UTF-8"?>
<testsuite name="AuthRoutesTest" tests="7" skipped="0" failures="0" errors="0" timestamp="2026-04-26T01:52:16.062Z" hostname="GUI1K" time="1.267">
  <properties/>
  <testcase name="POST auth-refresh sem token retorna erro()" classname="AuthRoutesTest" time="0.978"/>
  <testcase name="POST auth-login com credenciais invalidas retorna 401()" classname="AuthRoutesTest" time="0.013"/>
  <testcase name="GET timezones retorna lista de fusos publica()" classname="AuthRoutesTest" time="0.034"/>
  <testcase name="POST auth-recover com email invalido retorna erro()" classname="AuthRoutesTest" time="0.012"/>
  <testcase name="POST auth-register com dados validos retorna 201()" classname="AuthRoutesTest" time="0.209"/>
  <testcase name="POST auth-logout sem autenticacao retorna 401()" classname="AuthRoutesTest" time="0.011"/>
  <testcase name="GET landing-page sem dados retorna 404 ou 500()" classname="AuthRoutesTest" time="0.007"/>
  <system-out><![CDATA[21:52:16,170 |-INFO in ch.qos.logback.classic.LoggerContext[default] - This is logback-classic version 1.4.14
21:52:16,170 |-INFO in ch.qos.logback.classic.util.ContextInitializer@c1fca1e - No custom configurators were discovered as a service.
21:52:16,170 |-INFO in ch.qos.logback.classic.util.ContextInitializer@c1fca1e - Trying to configure with ch.qos.logback.classic.joran.SerializedModelConfigurator
21:52:16,171 |-INFO in ch.qos.logback.classic.util.ContextInitializer@c1fca1e - Constructed configurator of type class ch.qos.logback.classic.joran.SerializedModelConfigurator
21:52:16,173 |-INFO in ch.qos.logback.classic.LoggerContext[default] - Could NOT find resource [logback-test.scmo]
21:52:16,174 |-INFO in ch.qos.logback.classic.LoggerContext[default] - Could NOT find resource [logback.scmo]
21:52:16,177 |-INFO in ch.qos.logback.classic.util.ContextInitializer@c1fca1e - ch.qos.logback.classic.joran.SerializedModelConfigurator.configure() call lasted 3 milliseconds. ExecutionStatus=INVOKE_NEXT_IF_ANY
21:52:16,177 |-INFO in ch.qos.logback.classic.util.ContextInitializer@c1fca1e - Trying to configure with ch.qos.logback.classic.util.DefaultJoranConfigurator
21:52:16,178 |-INFO in ch.qos.logback.classic.util.ContextInitializer@c1fca1e - Constructed configurator of type class ch.qos.logback.classic.util.DefaultJoranConfigurator
21:52:16,178 |-INFO in ch.qos.logback.classic.LoggerContext[default] - Could NOT find resource [logback-test.xml]
21:52:16,180 |-INFO in ch.qos.logback.classic.LoggerContext[default] - Found resource [logback.xml] at [file:/C:/Users/guiga/Documents/aula-orientacao-objetos-atv/build/resources/main/logback.xml]
21:52:16,180 |-WARN in ch.qos.logback.classic.util.DefaultJoranConfigurator@241a53ef - Resource [logback.xml] occurs multiple times on the classpath.
21:52:16,181 |-WARN in ch.qos.logback.classic.util.DefaultJoranConfigurator@241a53ef - Resource [logback.xml] occurs at [jar:file:/C:/Users/guiga/.gradle/caches/modules-2/files-2.1/io.swagger.codegen.v3/swagger-codegen-generators/1.0.38/24ad4592fa92f0e693d616de13629f59e5c3cd97/swagger-codegen-generators-1.0.38.jar!/logback.xml]
21:52:16,181 |-WARN in ch.qos.logback.classic.util.DefaultJoranConfigurator@241a53ef - Resource [logback.xml] occurs at [file:/C:/Users/guiga/Documents/aula-orientacao-objetos-atv/build/resources/main/logback.xml]
21:52:16,248 |-INFO in ch.qos.logback.core.model.processor.AppenderModelHandler - Processing appender named [STDOUT]
21:52:16,248 |-INFO in ch.qos.logback.core.model.processor.AppenderModelHandler - About to instantiate appender of type [ch.qos.logback.core.ConsoleAppender]
21:52:16,253 |-INFO in ch.qos.logback.core.model.processor.ImplicitModelHandler - Assuming default type [ch.qos.logback.classic.encoder.PatternLayoutEncoder] for [encoder] property
21:52:16,272 |-INFO in ch.qos.logback.classic.model.processor.RootLoggerModelHandler - Setting level of ROOT logger to INFO
21:52:16,272 |-INFO in ch.qos.logback.core.model.processor.AppenderRefModelHandler - Attaching appender named [STDOUT] to Logger[ROOT]
21:52:16,273 |-INFO in ch.qos.logback.classic.model.processor.LoggerModelHandler - Setting level of logger [io.ktor] to INFO
21:52:16,273 |-INFO in ch.qos.logback.classic.model.processor.LoggerModelHandler - Setting level of logger [org.litote.kmongo] to INFO
21:52:16,273 |-INFO in ch.qos.logback.classic.model.processor.LoggerModelHandler - Setting level of logger [org.mongodb] to WARN
21:52:16,273 |-INFO in ch.qos.logback.core.model.processor.DefaultProcessor@344344fa - End of configuration.
21:52:16,274 |-INFO in ch.qos.logback.classic.joran.JoranConfigurator@2db2cd5 - Registering current configuration as safe fallback point
21:52:16,274 |-INFO in ch.qos.logback.classic.util.ContextInitializer@c1fca1e - ch.qos.logback.classic.util.DefaultJoranConfigurator.configure() call lasted 96 milliseconds. ExecutionStatus=DO_NOT_INVOKE_NEXT_IF_ANY

2026-04-25 21:52:16.574 [DefaultDispatcher-worker-1 @call-context#2] INFO  ktor.test - No ktor.deployment.watch patterns specified, automatic reload is not active.
2026-04-25 21:52:16.904 [DefaultDispatcher-worker-1 @call-context#2] INFO  ktor.test - Application started in 0.34 seconds.
2026-04-25 21:52:16.906 [DefaultDispatcher-worker-2 @coroutine#4] INFO  ktor.test - Responding at http://localhost:80
2026-04-25 21:52:16.906 [DefaultDispatcher-worker-2 @coroutine#4] INFO  ktor.test - Responding at https://localhost:443
2026-04-25 21:52:17.044 [DefaultDispatcher-worker-3 @call-context#10] INFO  ktor.test - No ktor.deployment.watch patterns specified, automatic reload is not active.
2026-04-25 21:52:17.048 [DefaultDispatcher-worker-3 @call-context#10] INFO  ktor.test - Application started in 0.005 seconds.
2026-04-25 21:52:17.048 [DefaultDispatcher-worker-2 @coroutine#12] INFO  ktor.test - Responding at http://localhost:80
2026-04-25 21:52:17.048 [DefaultDispatcher-worker-2 @coroutine#12] INFO  ktor.test - Responding at https://localhost:443
2026-04-25 21:52:17.057 [DefaultDispatcher-worker-1 @call-context#18] INFO  ktor.test - No ktor.deployment.watch patterns specified, automatic reload is not active.
2026-04-25 21:52:17.060 [DefaultDispatcher-worker-1 @call-context#18] INFO  ktor.test - Application started in 0.003 seconds.
2026-04-25 21:52:17.061 [DefaultDispatcher-worker-2 @coroutine#20] INFO  ktor.test - Responding at http://localhost:80
2026-04-25 21:52:17.061 [DefaultDispatcher-worker-2 @coroutine#20] INFO  ktor.test - Responding at https://localhost:443
2026-04-25 21:52:17.092 [DefaultDispatcher-worker-8 @call-context#26] INFO  ktor.test - No ktor.deployment.watch patterns specified, automatic reload is not active.
2026-04-25 21:52:17.095 [DefaultDispatcher-worker-8 @call-context#26] INFO  ktor.test - Application started in 0.003 seconds.
2026-04-25 21:52:17.095 [DefaultDispatcher-worker-5 @coroutine#28] INFO  ktor.test - Responding at http://localhost:80
2026-04-25 21:52:17.095 [DefaultDispatcher-worker-5 @coroutine#28] INFO  ktor.test - Responding at https://localhost:443
2026-04-25 21:52:17.105 [DefaultDispatcher-worker-7 @call-context#34] INFO  ktor.test - No ktor.deployment.watch patterns specified, automatic reload is not active.
2026-04-25 21:52:17.107 [DefaultDispatcher-worker-7 @call-context#34] INFO  ktor.test - Application started in 0.002 seconds.
2026-04-25 21:52:17.108 [DefaultDispatcher-worker-1 @coroutine#36] INFO  ktor.test - Responding at http://localhost:80
2026-04-25 21:52:17.108 [DefaultDispatcher-worker-1 @coroutine#36] INFO  ktor.test - Responding at https://localhost:443
2026-04-25 21:52:17.313 [DefaultDispatcher-worker-5 @call-context#42] INFO  ktor.test - No ktor.deployment.watch patterns specified, automatic reload is not active.
2026-04-25 21:52:17.316 [DefaultDispatcher-worker-5 @call-context#42] INFO  ktor.test - Application started in 0.003 seconds.
2026-04-25 21:52:17.316 [DefaultDispatcher-worker-8 @coroutine#44] INFO  ktor.test - Responding at http://localhost:80
2026-04-25 21:52:17.316 [DefaultDispatcher-worker-8 @coroutine#44] INFO  ktor.test - Responding at https://localhost:443
2026-04-25 21:52:17.324 [DefaultDispatcher-worker-7 @call-context#50] INFO  ktor.test - No ktor.deployment.watch patterns specified, automatic reload is not active.
2026-04-25 21:52:17.326 [DefaultDispatcher-worker-7 @call-context#50] INFO  ktor.test - Application started in 0.002 seconds.
2026-04-25 21:52:17.326 [DefaultDispatcher-worker-5 @coroutine#52] INFO  ktor.test - Responding at http://localhost:80
2026-04-25 21:52:17.326 [DefaultDispatcher-worker-5 @coroutine#52] INFO  ktor.test - Responding at https://localhost:443
]]></system-out>
  <system-err><![CDATA[]]></system-err>
</testsuite>
