<?xml version="1.0" encoding="UTF-8"?>
<testsuite name="SenhaRoutesTest" tests="15" skipped="0" failures="0" errors="0" timestamp="2026-04-26T01:52:22.786Z" hostname="GUI1K" time="0.107">
  <properties/>
  <testcase name="POST senhas-chamar sem autenticacao retorna 401()" classname="SenhaRoutesTest" time="0.006"/>
  <testcase name="GET redirect deep link redireciona()" classname="SenhaRoutesTest" time="0.012"/>
  <testcase name="POST qrcodes sem autenticacao retorna 401()" classname="SenhaRoutesTest" time="0.008"/>
  <testcase name="GET me sem autenticacao retorna 401()" classname="SenhaRoutesTest" time="0.006"/>
  <testcase name="GET qrcodes-codigo sem autenticacao retorna 401()" classname="SenhaRoutesTest" time="0.008"/>
  <testcase name="POST senhas-cancelar sem autenticacao retorna 401()" classname="SenhaRoutesTest" time="0.007"/>
  <testcase name="GET senhas-stats sem autenticacao retorna 401()" classname="SenhaRoutesTest" time="0.006"/>
  <testcase name="POST filas-senhas sem autenticacao retorna 401()" classname="SenhaRoutesTest" time="0.006"/>
  <testcase name="POST senhas-assumir sem autenticacao retorna 401()" classname="SenhaRoutesTest" time="0.005"/>
  <testcase name="POST senhas-finalizar sem autenticacao retorna 401()" classname="SenhaRoutesTest" time="0.005"/>
  <testcase name="GET qrcodes sem autenticacao retorna 401()" classname="SenhaRoutesTest" time="0.006"/>
  <testcase name="GET auditorias sem autenticacao retorna 401()" classname="SenhaRoutesTest" time="0.007"/>
  <testcase name="GET well-known-assetlinks retorna 200 publico()" classname="SenhaRoutesTest" time="0.009"/>
  <testcase name="GET senhas sem autenticacao retorna 401()" classname="SenhaRoutesTest" time="0.005"/>
  <testcase name="GET filas sem autenticacao retorna 401()" classname="SenhaRoutesTest" time="0.006"/>
  <system-out><![CDATA[2026-04-25 21:52:22.789 [DefaultDispatcher-worker-6 @call-context#114] INFO  ktor.test - No ktor.deployment.watch patterns specified, automatic reload is not active.
2026-04-25 21:52:22.791 [DefaultDispatcher-worker-6 @call-context#114] INFO  ktor.test - Application started in 0.002 seconds.
2026-04-25 21:52:22.791 [DefaultDispatcher-worker-5 @coroutine#116] INFO  ktor.test - Responding at http://localhost:80
2026-04-25 21:52:22.791 [DefaultDispatcher-worker-5 @coroutine#116] INFO  ktor.test - Responding at https://localhost:443
2026-04-25 21:52:22.795 [DefaultDispatcher-worker-4 @call-context#122] INFO  ktor.test - No ktor.deployment.watch patterns specified, automatic reload is not active.
2026-04-25 21:52:22.796 [DefaultDispatcher-worker-4 @call-context#122] INFO  ktor.test - Application started in 0.001 seconds.
2026-04-25 21:52:22.796 [DefaultDispatcher-worker-6 @coroutine#124] INFO  ktor.test - Responding at http://localhost:80
2026-04-25 21:52:22.796 [DefaultDispatcher-worker-6 @coroutine#124] INFO  ktor.test - Responding at https://localhost:443
2026-04-25 21:52:22.809 [DefaultDispatcher-worker-12 @call-context#130] INFO  ktor.test - No ktor.deployment.watch patterns specified, automatic reload is not active.
2026-04-25 21:52:22.811 [DefaultDispatcher-worker-12 @call-context#130] INFO  ktor.test - Application started in 0.003 seconds.
2026-04-25 21:52:22.812 [DefaultDispatcher-worker-4 @coroutine#132] INFO  ktor.test - Responding at http://localhost:80
2026-04-25 21:52:22.812 [DefaultDispatcher-worker-4 @coroutine#132] INFO  ktor.test - Responding at https://localhost:443
2026-04-25 21:52:22.816 [DefaultDispatcher-worker-12 @call-context#138] INFO  ktor.test - No ktor.deployment.watch patterns specified, automatic reload is not active.
2026-04-25 21:52:22.818 [DefaultDispatcher-worker-12 @call-context#138] INFO  ktor.test - Application started in 0.002 seconds.
2026-04-25 21:52:22.818 [DefaultDispatcher-worker-5 @coroutine#140] INFO  ktor.test - Responding at http://localhost:80
2026-04-25 21:52:22.818 [DefaultDispatcher-worker-5 @coroutine#140] INFO  ktor.test - Responding at https://localhost:443
2026-04-25 21:52:22.823 [DefaultDispatcher-worker-1 @call-context#146] INFO  ktor.test - No ktor.deployment.watch patterns specified, automatic reload is not active.
2026-04-25 21:52:22.826 [DefaultDispatcher-worker-1 @call-context#146] INFO  ktor.test - Application started in 0.003 seconds.
2026-04-25 21:52:22.826 [DefaultDispatcher-worker-10 @coroutine#148] INFO  ktor.test - Responding at http://localhost:80
2026-04-25 21:52:22.826 [DefaultDispatcher-worker-10 @coroutine#148] INFO  ktor.test - Responding at https://localhost:443
2026-04-25 21:52:22.832 [DefaultDispatcher-worker-12 @call-context#154] INFO  ktor.test - No ktor.deployment.watch patterns specified, automatic reload is not active.
2026-04-25 21:52:22.833 [DefaultDispatcher-worker-12 @call-context#154] INFO  ktor.test - Application started in 0.001 seconds.
2026-04-25 21:52:22.834 [DefaultDispatcher-worker-5 @coroutine#156] INFO  ktor.test - Responding at http://localhost:80
2026-04-25 21:52:22.834 [DefaultDispatcher-worker-5 @coroutine#156] INFO  ktor.test - Responding at https://localhost:443
2026-04-25 21:52:22.839 [DefaultDispatcher-worker-7 @call-context#162] INFO  ktor.test - No ktor.deployment.watch patterns specified, automatic reload is not active.
2026-04-25 21:52:22.840 [DefaultDispatcher-worker-7 @call-context#162] INFO  ktor.test - Application started in 0.002 seconds.
2026-04-25 21:52:22.840 [DefaultDispatcher-worker-12 @coroutine#164] INFO  ktor.test - Responding at http://localhost:80
2026-04-25 21:52:22.841 [DefaultDispatcher-worker-12 @coroutine#164] INFO  ktor.test - Responding at https://localhost:443
2026-04-25 21:52:22.845 [DefaultDispatcher-worker-6 @call-context#170] INFO  ktor.test - No ktor.deployment.watch patterns specified, automatic reload is not active.
2026-04-25 21:52:22.846 [DefaultDispatcher-worker-6 @call-context#170] INFO  ktor.test - Application started in 0.002 seconds.
2026-04-25 21:52:22.846 [DefaultDispatcher-worker-3 @coroutine#172] INFO  ktor.test - Responding at http://localhost:80
2026-04-25 21:52:22.846 [DefaultDispatcher-worker-3 @coroutine#172] INFO  ktor.test - Responding at https://localhost:443
2026-04-25 21:52:22.851 [DefaultDispatcher-worker-4 @call-context#178] INFO  ktor.test - No ktor.deployment.watch patterns specified, automatic reload is not active.
2026-04-25 21:52:22.852 [DefaultDispatcher-worker-4 @call-context#178] INFO  ktor.test - Application started in 0.001 seconds.
2026-04-25 21:52:22.853 [DefaultDispatcher-worker-5 @coroutine#180] INFO  ktor.test - Responding at http://localhost:80
2026-04-25 21:52:22.853 [DefaultDispatcher-worker-5 @coroutine#180] INFO  ktor.test - Responding at https://localhost:443
2026-04-25 21:52:22.856 [DefaultDispatcher-worker-7 @call-context#186] INFO  ktor.test - No ktor.deployment.watch patterns specified, automatic reload is not active.
2026-04-25 21:52:22.858 [DefaultDispatcher-worker-7 @call-context#186] INFO  ktor.test - Application started in 0.002 seconds.
2026-04-25 21:52:22.858 [DefaultDispatcher-worker-2 @coroutine#188] INFO  ktor.test - Responding at http://localhost:80
2026-04-25 21:52:22.858 [DefaultDispatcher-worker-2 @coroutine#188] INFO  ktor.test - Responding at https://localhost:443
2026-04-25 21:52:22.862 [DefaultDispatcher-worker-11 @call-context#194] INFO  ktor.test - No ktor.deployment.watch patterns specified, automatic reload is not active.
2026-04-25 21:52:22.864 [DefaultDispatcher-worker-11 @call-context#194] INFO  ktor.test - Application started in 0.002 seconds.
2026-04-25 21:52:22.864 [DefaultDispatcher-worker-10 @coroutine#196] INFO  ktor.test - Responding at http://localhost:80
2026-04-25 21:52:22.864 [DefaultDispatcher-worker-10 @coroutine#196] INFO  ktor.test - Responding at https://localhost:443
2026-04-25 21:52:22.869 [DefaultDispatcher-worker-4 @call-context#202] INFO  ktor.test - No ktor.deployment.watch patterns specified, automatic reload is not active.
2026-04-25 21:52:22.871 [DefaultDispatcher-worker-4 @call-context#202] INFO  ktor.test - Application started in 0.002 seconds.
2026-04-25 21:52:22.871 [DefaultDispatcher-worker-11 @coroutine#204] INFO  ktor.test - Responding at http://localhost:80
2026-04-25 21:52:22.871 [DefaultDispatcher-worker-11 @coroutine#204] INFO  ktor.test - Responding at https://localhost:443
2026-04-25 21:52:22.875 [DefaultDispatcher-worker-11 @call-context#210] INFO  ktor.test - No ktor.deployment.watch patterns specified, automatic reload is not active.
2026-04-25 21:52:22.877 [DefaultDispatcher-worker-11 @call-context#210] INFO  ktor.test - Application started in 0.002 seconds.
2026-04-25 21:52:22.877 [DefaultDispatcher-worker-10 @coroutine#212] INFO  ktor.test - Responding at http://localhost:80
2026-04-25 21:52:22.877 [DefaultDispatcher-worker-10 @coroutine#212] INFO  ktor.test - Responding at https://localhost:443
2026-04-25 21:52:22.884 [DefaultDispatcher-worker-10 @call-context#218] INFO  ktor.test - No ktor.deployment.watch patterns specified, automatic reload is not active.
2026-04-25 21:52:22.885 [DefaultDispatcher-worker-10 @call-context#218] INFO  ktor.test - Application started in 0.001 seconds.
2026-04-25 21:52:22.886 [DefaultDispatcher-worker-1 @coroutine#220] INFO  ktor.test - Responding at http://localhost:80
2026-04-25 21:52:22.886 [DefaultDispatcher-worker-1 @coroutine#220] INFO  ktor.test - Responding at https://localhost:443
2026-04-25 21:52:22.890 [DefaultDispatcher-worker-5 @call-context#226] INFO  ktor.test - No ktor.deployment.watch patterns specified, automatic reload is not active.
2026-04-25 21:52:22.892 [DefaultDispatcher-worker-5 @call-context#226] INFO  ktor.test - Application started in 0.002 seconds.
2026-04-25 21:52:22.892 [DefaultDispatcher-worker-3 @coroutine#228] INFO  ktor.test - Responding at http://localhost:80
2026-04-25 21:52:22.892 [DefaultDispatcher-worker-3 @coroutine#228] INFO  ktor.test - Responding at https://localhost:443
]]></system-out>
  <system-err><![CDATA[]]></system-err>
</testsuite>
