<?xml version="1.0" encoding="UTF-8"?>
<testsuite name="InstantSerializerTest" tests="4" skipped="0" failures="0" errors="0" timestamp="2026-04-17T00:41:37.911Z" hostname="GUI1K" time="0.006">
  <properties/>
  <testcase name="Instant epoch zero serializa corretamente()" classname="InstantSerializerTest" time="0.001"/>
  <testcase name="deserializa String ISO 8601 para Instant()" classname="InstantSerializerTest" time="0.003"/>
  <testcase name="Instant com milissegundos serializa corretamente()" classname="InstantSerializerTest" time="0.0"/>
  <testcase name="serializa Instant para String ISO 8601()" classname="InstantSerializerTest" time="0.001"/>
  <system-out><![CDATA[]]></system-out>
  <system-err><![CDATA[]]></system-err>
</testsuite>
