<?xml version="1.0" encoding="UTF-8"?>
<testsuite name="InstituicaoRoutesTest" tests="7" skipped="0" failures="0" errors="0" timestamp="2026-04-26T01:52:20.566Z" hostname="GUI1K" time="0.066">
  <properties/>
  <testcase name="DELETE instituicoes sem autenticacao retorna 401()" classname="InstituicaoRoutesTest" time="0.013"/>
  <testcase name="GET instituicoes sem autenticacao retorna 401()" classname="InstituicaoRoutesTest" time="0.008"/>
  <testcase name="GET instituicoes com token invalido retorna 401()" classname="InstituicaoRoutesTest" time="0.012"/>
  <testcase name="POST instituicoes-solicitar sem autenticacao retorna 401()" classname="InstituicaoRoutesTest" time="0.008"/>
  <testcase name="POST instituicoes-contrato sem autenticacao retorna 401()" classname="InstituicaoRoutesTest" time="0.008"/>
  <testcase name="PATCH instituicoes-aprovar sem autenticacao retorna 401()" classname="InstituicaoRoutesTest" time="0.008"/>
  <testcase name="POST instituicoes sem autenticacao retorna 401()" classname="InstituicaoRoutesTest" time="0.007"/>
  <system-out><![CDATA[2026-04-25 21:52:20.570 [DefaultDispatcher-worker-6 @call-context#58] INFO  ktor.test - No ktor.deployment.watch patterns specified, automatic reload is not active.
2026-04-25 21:52:20.574 [DefaultDispatcher-worker-6 @call-context#58] INFO  ktor.test - Application started in 0.004 seconds.
2026-04-25 21:52:20.575 [DefaultDispatcher-worker-5 @coroutine#60] INFO  ktor.test - Responding at http://localhost:80
2026-04-25 21:52:20.575 [DefaultDispatcher-worker-5 @coroutine#60] INFO  ktor.test - Responding at https://localhost:443
2026-04-25 21:52:20.584 [DefaultDispatcher-worker-6 @call-context#66] INFO  ktor.test - No ktor.deployment.watch patterns specified, automatic reload is not active.
2026-04-25 21:52:20.586 [DefaultDispatcher-worker-6 @call-context#66] INFO  ktor.test - Application started in 0.002 seconds.
2026-04-25 21:52:20.587 [DefaultDispatcher-worker-7 @coroutine#68] INFO  ktor.test - Responding at http://localhost:80
2026-04-25 21:52:20.587 [DefaultDispatcher-worker-7 @coroutine#68] INFO  ktor.test - Responding at https://localhost:443
2026-04-25 21:52:20.592 [DefaultDispatcher-worker-4 @call-context#74] INFO  ktor.test - No ktor.deployment.watch patterns specified, automatic reload is not active.
2026-04-25 21:52:20.595 [DefaultDispatcher-worker-4 @call-context#74] INFO  ktor.test - Application started in 0.003 seconds.
2026-04-25 21:52:20.595 [DefaultDispatcher-worker-8 @coroutine#76] INFO  ktor.test - Responding at http://localhost:80
2026-04-25 21:52:20.596 [DefaultDispatcher-worker-8 @coroutine#76] INFO  ktor.test - Responding at https://localhost:443
2026-04-25 21:52:20.605 [DefaultDispatcher-worker-7 @call-context#82] INFO  ktor.test - No ktor.deployment.watch patterns specified, automatic reload is not active.
2026-04-25 21:52:20.607 [DefaultDispatcher-worker-7 @call-context#82] INFO  ktor.test - Application started in 0.003 seconds.
2026-04-25 21:52:20.607 [DefaultDispatcher-worker-6 @coroutine#84] INFO  ktor.test - Responding at http://localhost:80
2026-04-25 21:52:20.607 [DefaultDispatcher-worker-6 @coroutine#84] INFO  ktor.test - Responding at https://localhost:443
2026-04-25 21:52:20.613 [DefaultDispatcher-worker-8 @call-context#90] INFO  ktor.test - No ktor.deployment.watch patterns specified, automatic reload is not active.
2026-04-25 21:52:20.615 [DefaultDispatcher-worker-8 @call-context#90] INFO  ktor.test - Application started in 0.002 seconds.
2026-04-25 21:52:20.615 [DefaultDispatcher-worker-7 @coroutine#92] INFO  ktor.test - Responding at http://localhost:80
2026-04-25 21:52:20.615 [DefaultDispatcher-worker-7 @coroutine#92] INFO  ktor.test - Responding at https://localhost:443
2026-04-25 21:52:20.621 [DefaultDispatcher-worker-4 @call-context#98] INFO  ktor.test - No ktor.deployment.watch patterns specified, automatic reload is not active.
2026-04-25 21:52:20.623 [DefaultDispatcher-worker-4 @call-context#98] INFO  ktor.test - Application started in 0.002 seconds.
2026-04-25 21:52:20.623 [DefaultDispatcher-worker-6 @coroutine#100] INFO  ktor.test - Responding at http://localhost:80
2026-04-25 21:52:20.623 [DefaultDispatcher-worker-6 @coroutine#100] INFO  ktor.test - Responding at https://localhost:443
2026-04-25 21:52:20.628 [DefaultDispatcher-worker-3 @call-context#106] INFO  ktor.test - No ktor.deployment.watch patterns specified, automatic reload is not active.
2026-04-25 21:52:20.630 [DefaultDispatcher-worker-3 @call-context#106] INFO  ktor.test - Application started in 0.002 seconds.
2026-04-25 21:52:20.630 [DefaultDispatcher-worker-9 @coroutine#108] INFO  ktor.test - Responding at http://localhost:80
2026-04-25 21:52:20.631 [DefaultDispatcher-worker-9 @coroutine#108] INFO  ktor.test - Responding at https://localhost:443
]]></system-out>
  <system-err><![CDATA[]]></system-err>
</testsuite>
